<?xml version="1.0" encoding="UTF-8"?>
<!-- Generated by org.testng.reporters.JUnitXMLReporter -->
<testsuite ignored="0" hostname="DESKTOP-EG-001" failures="0" tests="7" name="Amazon Test" time="45.005" errors="0" timestamp="2024-08-18T10:45:07 EEST">
  <testcase classname="uxlTests.testCases" name="TC_001" time="2.818"/>
  <testcase classname="uxlTests.testCases" name="TC_002" time="5.869"/>
  <testcase classname="uxlTests.testCases" name="TC_003" time="7.887"/>
  <testcase classname="uxlTests.testCases" name="TC_004" time="6.739"/>
  <testcase classname="uxlTests.testCases" name="TC_005" time="4.48"/>
  <testcase classname="uxlTests.testCases" name="TC_006" time="2.332"/>
  <testcase classname="uxlTests.testCases" name="TC_007" time="0.002"/>
</testsuite> <!-- Amazon Test -->
