<?xml version="1.0" encoding="UTF-8"?>
<!-- Generated by org.testng.reporters.JUnitXMLReporter -->
<testsuite ignored="0" hostname="DESKTOP-EG-001" failures="0" tests="7" name="Amazon Test" time="36.537" errors="0" timestamp="2024-08-18T08:37:15 EEST">
  <testcase classname="uxlTests.testCases" name="TC_001" time="1.859"/>
  <testcase classname="uxlTests.testCases" name="TC_002" time="4.711"/>
  <testcase classname="uxlTests.testCases" name="TC_003" time="6.409"/>
  <testcase classname="uxlTests.testCases" name="TC_004" time="5.958"/>
  <testcase classname="uxlTests.testCases" name="TC_005" time="4.497"/>
  <testcase classname="uxlTests.testCases" name="TC_006" time="4.769"/>
  <testcase classname="uxlTests.testCases" name="TC_007" time="0.002"/>
</testsuite> <!-- Amazon Test -->
