<?xml version="1.0" encoding="UTF-8"?>
<!-- Generated by org.testng.reporters.JUnitXMLReporter -->
<testsuite ignored="0" hostname="DESKTOP-EG-001" failures="0" tests="8" name="Test" time="7.982" errors="0" timestamp="2024-08-11T07:39:38 EEST">
  <testcase classname="uxlTests.testBase" name="f" time="0.012"/>
  <testcase classname="uxlTests.testCases" name="TC_001" time="3.396"/>
  <testcase classname="uxlTests.testCases" name="TC_002" time="0.004"/>
  <testcase classname="uxlTests.testCases" name="TC_003" time="0.002"/>
  <testcase classname="uxlTests.testCases" name="TC_004" time="0.005"/>
  <testcase classname="uxlTests.testCases" name="TC_005" time="0.002"/>
  <testcase classname="uxlTests.testCases" name="TC_006" time="0.006"/>
  <testcase classname="uxlTests.testCases" name="TC_007" time="0.003"/>
</testsuite> <!-- Test -->
