<?xml version="1.0" encoding="UTF-8"?>
<testng-results ignored="0" total="7" passed="7" failed="0" skipped="0">
  <reporter-output>
  </reporter-output>
  <suite started-at="2024-08-18T10:44:22 EEST" name="uxlAssignment" finished-at="2024-08-18T10:45:07 EEST" duration-ms="45005">
    <groups>
    </groups>
    <test started-at="2024-08-18T10:44:22 EEST" name="Amazon Test" finished-at="2024-08-18T10:45:07 EEST" duration-ms="45005">
      <class name="uxlTests.testCases">
        <test-method is-config="true" signature="setUp(java.lang.String,java.lang.String)[pri:0, instance:uxlTests.testCases@2e005c4b]" started-at="2024-08-18T10:44:22 EEST" name="setUp" finished-at="2024-08-18T10:44:28 EEST" duration-ms="5927" status="PASS">
          <params>
            <param index="0">
              <value is-null="true"/>
            </param>
            <param index="1">
              <value>
                <![CDATA[https://www.amazon.eg/]]>
              </value>
            </param>
          </params>
          <reporter-output>
          </reporter-output>
        </test-method> <!-- setUp -->
        <test-method signature="TC_001(java.lang.String)[pri:1, instance:uxlTests.testCases@2e005c4b]" started-at="2024-08-18T10:44:28 EEST" name="TC_001" description="Verify Amazon home page" finished-at="2024-08-18T10:44:31 EEST" duration-ms="2818" status="PASS">
          <params>
            <param index="0">
              <value>
                <![CDATA[https://www.amazon.eg/]]>
              </value>
            </param>
          </params>
          <reporter-output>
          </reporter-output>
        </test-method> <!-- TC_001 -->
        <test-method signature="TC_002(java.lang.String)[pri:2, instance:uxlTests.testCases@2e005c4b]" started-at="2024-08-18T10:44:31 EEST" name="TC_002" description="Verify search functionality by Category" finished-at="2024-08-18T10:44:37 EEST" depends-on-methods="uxlTests.testCases.TC_001" duration-ms="5869" status="PASS">
          <params>
            <param index="0">
              <value>
                <![CDATA[الإلكترونيات]]>
              </value>
            </param>
          </params>
          <reporter-output>
          </reporter-output>
        </test-method> <!-- TC_002 -->
        <test-method signature="TC_003(java.lang.String)[pri:3, instance:uxlTests.testCases@2e005c4b]" started-at="2024-08-18T10:44:37 EEST" name="TC_003" description="Verify search functionality by Category" finished-at="2024-08-18T10:44:45 EEST" depends-on-methods="uxlTests.testCases.TC_001" duration-ms="7887" status="PASS">
          <params>
            <param index="0">
              <value>
                <![CDATA[electronic gadgets]]>
              </value>
            </param>
          </params>
          <reporter-output>
          </reporter-output>
        </test-method> <!-- TC_003 -->
        <test-method signature="TC_004()[pri:4, instance:uxlTests.testCases@2e005c4b]" started-at="2024-08-18T10:44:45 EEST" name="TC_004" description="Verify the sorting" finished-at="2024-08-18T10:44:51 EEST" depends-on-methods="uxlTests.testCases.TC_001" duration-ms="6739" status="PASS">
          <reporter-output>
          </reporter-output>
        </test-method> <!-- TC_004 -->
        <test-method signature="TC_005()[pri:5, instance:uxlTests.testCases@2e005c4b]" started-at="2024-08-18T10:44:51 EEST" name="TC_005" description="Verify selling an item from e-commerce portal" finished-at="2024-08-18T10:44:56 EEST" depends-on-methods="uxlTests.testCases.TC_003" duration-ms="4480" status="PASS">
          <reporter-output>
          </reporter-output>
        </test-method> <!-- TC_005 -->
        <test-method signature="TC_006()[pri:6, instance:uxlTests.testCases@2e005c4b]" started-at="2024-08-18T10:44:56 EEST" name="TC_006" description="Verify selling an item from e-commerce portal" finished-at="2024-08-18T10:44:58 EEST" depends-on-methods="uxlTests.testCases.TC_003" duration-ms="2332" status="PASS">
          <reporter-output>
          </reporter-output>
        </test-method> <!-- TC_006 -->
        <test-method signature="TC_007()[pri:7, instance:uxlTests.testCases@2e005c4b]" started-at="2024-08-18T10:44:58 EEST" name="TC_007" finished-at="2024-08-18T10:44:58 EEST" duration-ms="2" status="PASS">
          <reporter-output>
          </reporter-output>
        </test-method> <!-- TC_007 -->
        <test-method is-config="true" signature="afterTest()[pri:0, instance:uxlTests.testCases@2e005c4b]" started-at="2024-08-18T10:44:58 EEST" name="afterTest" finished-at="2024-08-18T10:45:07 EEST" duration-ms="8805" status="PASS">
          <reporter-output>
          </reporter-output>
        </test-method> <!-- afterTest -->
      </class> <!-- uxlTests.testCases -->
    </test> <!-- Amazon Test -->
  </suite> <!-- uxlAssignment -->
</testng-results>
